<?xml version="1.0" encoding="UTF-8"?>
<testng-results skipped="0" failed="2" ignored="0" total="3" passed="1">
  <reporter-output>
    <line>
      <![CDATA[captureScreen method called]]>
    </line>
    <line>
      <![CDATA[<a href='/Users/arnabbhuiya/eclipse-workspace/autoFramework/src/main/resources/screenShots/loginscreen_03_08_2018_10_31_23.png'><img src='/Users/arnabbhuiya/eclipse-workspace/autoFramework/src/main/resources/screenShots/loginscreen_03_08_2018_10_31_23.png'height='100' width='100'/></a>]]>
    </line>
    <line>
      <![CDATA[captureScreen method called]]>
    </line>
    <line>
      <![CDATA[<a href='/Users/arnabbhuiya/eclipse-workspace/autoFramework/src/main/resources/screenShots/null_03_08_2018_10_31_39.png'><img src='/Users/arnabbhuiya/eclipse-workspace/autoFramework/src/main/resources/screenShots/null_03_08_2018_10_31_39.png'height='100' width='100'/></a>]]>
    </line>
    <line>
      <![CDATA[captureScreen method called]]>
    </line>
    <line>
      <![CDATA[<a href='/Users/arnabbhuiya/eclipse-workspace/autoFramework/src/main/resources/screenShots/null_03_08_2018_10_33_22.png'><img src='/Users/arnabbhuiya/eclipse-workspace/autoFramework/src/main/resources/screenShots/null_03_08_2018_10_33_22.png'height='100' width='100'/></a>]]>
    </line>
    <line>
      <![CDATA[captureScreen method called]]>
    </line>
    <line>
      <![CDATA[<a href='/Users/arnabbhuiya/eclipse-workspace/autoFramework/src/main/resources/screenShots/null_03_08_2018_10_35_05.png'><img src='/Users/arnabbhuiya/eclipse-workspace/autoFramework/src/main/resources/screenShots/null_03_08_2018_10_35_05.png'height='100' width='100'/></a>]]>
    </line>
  </reporter-output>
  <suite name="Suite" duration-ms="245260" started-at="2018-08-03T17:01:01Z" finished-at="2018-08-03T17:05:06Z">
    <groups>
    </groups>
    <test name="LoginTest" duration-ms="39063" started-at="2018-08-03T17:01:01Z" finished-at="2018-08-03T17:01:40Z">
      <class name="com.autoFramework.myCompany.myProjectFramework.testScripts.loginPage.LoginTest">
        <test-method status="PASS" signature="beforeTest()[pri:0, instance:com.autoFramework.myCompany.myProjectFramework.testScripts.loginPage.LoginTest@5abca1e0]" name="beforeTest" is-config="true" duration-ms="2106" started-at="2018-08-03T22:31:01Z" finished-at="2018-08-03T22:31:03Z">
          <reporter-output>
          </reporter-output>
        </test-method> <!-- beforeTest -->
        <test-method status="PASS" signature="beforeMethod(java.lang.reflect.Method)[pri:0, instance:com.autoFramework.myCompany.myProjectFramework.testScripts.loginPage.LoginTest@5abca1e0]" name="beforeMethod" is-config="true" duration-ms="6" started-at="2018-08-03T22:31:03Z" finished-at="2018-08-03T22:31:03Z">
          <params>
            <param index="0">
              <value>
                <![CDATA[public void com.autoFramework.myCompany.myProjectFramework.testScripts.loginPage.LoginTest.testLoginToApplication()]]>
              </value>
            </param>
          </params>
          <reporter-output>
          </reporter-output>
        </test-method> <!-- beforeMethod -->
        <test-method status="PASS" signature="testLoginToApplication()[pri:0, instance:com.autoFramework.myCompany.myProjectFramework.testScripts.loginPage.LoginTest@5abca1e0]" name="testLoginToApplication" duration-ms="35705" started-at="2018-08-03T22:31:03Z" description="Login test with valid credentials" finished-at="2018-08-03T22:31:39Z">
          <reporter-output>
            <line>
              <![CDATA[captureScreen method called]]>
            </line>
            <line>
              <![CDATA[<a href='/Users/arnabbhuiya/eclipse-workspace/autoFramework/src/main/resources/screenShots/loginscreen_03_08_2018_10_31_23.png'><img src='/Users/arnabbhuiya/eclipse-workspace/autoFramework/src/main/resources/screenShots/loginscreen_03_08_2018_10_31_23.png'height='100' width='100'/></a>]]>
            </line>
          </reporter-output>
        </test-method> <!-- testLoginToApplication -->
        <test-method status="PASS" signature="afterMethod(org.testng.ITestResult)[pri:0, instance:com.autoFramework.myCompany.myProjectFramework.testScripts.loginPage.LoginTest@5abca1e0]" name="afterMethod" is-config="true" duration-ms="1219" started-at="2018-08-03T22:31:39Z" finished-at="2018-08-03T22:31:40Z">
          <params>
            <param index="0">
              <value>
                <![CDATA[[TestResult name=testLoginToApplication status=SUCCESS method=LoginTest.testLoginToApplication()[pri:0, instance:com.autoFramework.myCompany.myProjectFramework.testScripts.loginPage.LoginTest@5abca1e0] output=captureScreen method called]]]>
              </value>
            </param>
          </params>
          <reporter-output>
            <line>
              <![CDATA[captureScreen method called]]>
            </line>
            <line>
              <![CDATA[<a href='/Users/arnabbhuiya/eclipse-workspace/autoFramework/src/main/resources/screenShots/null_03_08_2018_10_31_39.png'><img src='/Users/arnabbhuiya/eclipse-workspace/autoFramework/src/main/resources/screenShots/null_03_08_2018_10_31_39.png'height='100' width='100'/></a>]]>
            </line>
          </reporter-output>
        </test-method> <!-- afterMethod -->
      </class> <!-- com.autoFramework.myCompany.myProjectFramework.testScripts.loginPage.LoginTest -->
    </test> <!-- LoginTest -->
    <test name="RegistrationTest" duration-ms="102890" started-at="2018-08-03T17:01:40Z" finished-at="2018-08-03T17:03:23Z">
      <class name="com.autoFramework.myCompany.myProjectFramework.testScripts.registration.RegistrationTest">
        <test-method status="PASS" signature="beforeTest()[pri:0, instance:com.autoFramework.myCompany.myProjectFramework.testScripts.registration.RegistrationTest@7fac631b]" name="beforeTest" is-config="true" duration-ms="1478" started-at="2018-08-03T22:31:40Z" finished-at="2018-08-03T22:31:41Z">
          <reporter-output>
          </reporter-output>
        </test-method> <!-- beforeTest -->
        <test-method status="PASS" signature="beforeMethod(java.lang.reflect.Method)[pri:0, instance:com.autoFramework.myCompany.myProjectFramework.testScripts.registration.RegistrationTest@7fac631b]" name="beforeMethod" is-config="true" duration-ms="1" started-at="2018-08-03T22:31:41Z" finished-at="2018-08-03T22:31:41Z">
          <params>
            <param index="0">
              <value>
                <![CDATA[public void com.autoFramework.myCompany.myProjectFramework.testScripts.registration.RegistrationTest.testRegistration()]]>
              </value>
            </param>
          </params>
          <reporter-output>
          </reporter-output>
        </test-method> <!-- beforeMethod -->
        <test-method status="FAIL" signature="testRegistration()[pri:0, instance:com.autoFramework.myCompany.myProjectFramework.testScripts.registration.RegistrationTest@7fac631b]" name="testRegistration" duration-ms="100076" started-at="2018-08-03T22:31:41Z" finished-at="2018-08-03T22:33:22Z">
          <exception class="org.openqa.selenium.TimeoutException">
            <message>
              <![CDATA[timeout  (Session info: chrome=68.0.3440.84)  (Driver info: chromedriver=2.38.552518 (183d19265345f54ce39cbb94cf81ba5f15905011),platform=Mac OS X 10.13.5 x86_64) (WARNING: The server did not provide any stacktrace information)Command duration or timeout: 0 millisecondsBuild info: version: '3.11.0', revision: 'e59cfb3', time: '2018-03-11T20:26:55.152Z'System info: host: 'Arnabs-MacBook-Pro.local', ip: 'fe80:0:0:0:c66:104c:14a6:bb71%en0', os.name: 'Mac OS X', os.arch: 'x86_64', os.version: '10.13.5', java.version: '1.8.0_171'Driver info: org.openqa.selenium.chrome.ChromeDriverCapabilities {acceptInsecureCerts: false, acceptSslCerts: false, applicationCacheEnabled: false, browserConnectionEnabled: false, browserName: chrome, chrome: {chromedriverVersion: 2.38.552518 (183d19265345f5..., userDataDir: /var/folders/01/ggln50vx651...}, cssSelectorsEnabled: true, databaseEnabled: false, handlesAlerts: true, hasTouchScreen: false, javascriptEnabled: true, locationContextEnabled: true, mobileEmulationEnabled: false, nativeEvents: true, networkConnectionEnabled: false, pageLoadStrategy: normal, platform: MAC, platformName: MAC, rotatable: false, setWindowRect: true, takesHeapSnapshot: true, takesScreenshot: true, unexpectedAlertBehaviour: , unhandledPromptBehavior: , version: 68.0.3440.84, webStorageEnabled: true}Session ID: af584c4bfe1b6b81c2287ee0c327275e]]>
            </message>
            <full-stacktrace>
              <![CDATA[org.openqa.selenium.TimeoutException: timeout  (Session info: chrome=68.0.3440.84)  (Driver info: chromedriver=2.38.552518 (183d19265345f54ce39cbb94cf81ba5f15905011),platform=Mac OS X 10.13.5 x86_64) (WARNING: The server did not provide any stacktrace information)Command duration or timeout: 0 millisecondsBuild info: version: '3.11.0', revision: 'e59cfb3', time: '2018-03-11T20:26:55.152Z'System info: host: 'Arnabs-MacBook-Pro.local', ip: 'fe80:0:0:0:c66:104c:14a6:bb71%en0', os.name: 'Mac OS X', os.arch: 'x86_64', os.version: '10.13.5', java.version: '1.8.0_171'Driver info: org.openqa.selenium.chrome.ChromeDriverCapabilities {acceptInsecureCerts: false, acceptSslCerts: false, applicationCacheEnabled: false, browserConnectionEnabled: false, browserName: chrome, chrome: {chromedriverVersion: 2.38.552518 (183d19265345f5..., userDataDir: /var/folders/01/ggln50vx651...}, cssSelectorsEnabled: true, databaseEnabled: false, handlesAlerts: true, hasTouchScreen: false, javascriptEnabled: true, locationContextEnabled: true, mobileEmulationEnabled: false, nativeEvents: true, networkConnectionEnabled: false, pageLoadStrategy: normal, platform: MAC, platformName: MAC, rotatable: false, setWindowRect: true, takesHeapSnapshot: true, takesScreenshot: true, unexpectedAlertBehaviour: , unhandledPromptBehavior: , version: 68.0.3440.84, webStorageEnabled: true}Session ID: af584c4bfe1b6b81c2287ee0c327275eat sun.reflect.NativeConstructorAccessorImpl.newInstance0(Native Method)at sun.reflect.NativeConstructorAccessorImpl.newInstance(NativeConstructorAccessorImpl.java:62)at sun.reflect.DelegatingConstructorAccessorImpl.newInstance(DelegatingConstructorAccessorImpl.java:45)at java.lang.reflect.Constructor.newInstance(Constructor.java:423)at org.openqa.selenium.remote.ErrorHandler.createThrowable(ErrorHandler.java:214)at org.openqa.selenium.remote.ErrorHandler.throwIfResponseFailed(ErrorHandler.java:166)at org.openqa.selenium.remote.http.JsonHttpResponseCodec.reconstructValue(JsonHttpResponseCodec.java:40)at org.openqa.selenium.remote.http.AbstractHttpResponseCodec.decode(AbstractHttpResponseCodec.java:80)at org.openqa.selenium.remote.http.AbstractHttpResponseCodec.decode(AbstractHttpResponseCodec.java:44)at org.openqa.selenium.remote.HttpCommandExecutor.execute(HttpCommandExecutor.java:158)at org.openqa.selenium.remote.service.DriverCommandExecutor.execute(DriverCommandExecutor.java:83)at org.openqa.selenium.remote.RemoteWebDriver.execute(RemoteWebDriver.java:545)at org.openqa.selenium.remote.RemoteWebDriver.get(RemoteWebDriver.java:273)at com.autoFramework.myCompany.myProjectFramework.testScripts.registration.RegistrationTest.testRegistration(RegistrationTest.java:24)at sun.reflect.NativeMethodAccessorImpl.invoke0(Native Method)at sun.reflect.NativeMethodAccessorImpl.invoke(NativeMethodAccessorImpl.java:62)at sun.reflect.DelegatingMethodAccessorImpl.invoke(DelegatingMethodAccessorImpl.java:43)at java.lang.reflect.Method.invoke(Method.java:498)at org.testng.internal.MethodInvocationHelper.invokeMethod(MethodInvocationHelper.java:124)at org.testng.internal.Invoker.invokeMethod(Invoker.java:571)at org.testng.internal.Invoker.invokeTestMethod(Invoker.java:707)at org.testng.internal.Invoker.invokeTestMethods(Invoker.java:979)at org.testng.internal.TestMethodWorker.invokeTestMethods(TestMethodWorker.java:125)at org.testng.internal.TestMethodWorker.run(TestMethodWorker.java:109)at org.testng.TestRunner.privateRun(TestRunner.java:648)at org.testng.TestRunner.run(TestRunner.java:505)at org.testng.SuiteRunner.runTest(SuiteRunner.java:455)at org.testng.SuiteRunner.runSequentially(SuiteRunner.java:450)at org.testng.SuiteRunner.privateRun(SuiteRunner.java:415)at org.testng.SuiteRunner.run(SuiteRunner.java:364)at org.testng.SuiteRunnerWorker.runSuite(SuiteRunnerWorker.java:52)at org.testng.SuiteRunnerWorker.run(SuiteRunnerWorker.java:84)at org.testng.TestNG.runSuitesSequentially(TestNG.java:1187)at org.testng.TestNG.runSuitesLocally(TestNG.java:1116)at org.testng.TestNG.runSuites(TestNG.java:1028)at org.testng.TestNG.run(TestNG.java:996)at org.testng.remote.AbstractRemoteTestNG.run(AbstractRemoteTestNG.java:114)at org.testng.remote.RemoteTestNG.initAndRun(RemoteTestNG.java:251)at org.testng.remote.RemoteTestNG.main(RemoteTestNG.java:77)]]>
            </full-stacktrace>
          </exception> <!-- org.openqa.selenium.TimeoutException -->
          <reporter-output>
          </reporter-output>
        </test-method> <!-- testRegistration -->
        <test-method status="PASS" signature="afterMethod(org.testng.ITestResult)[pri:0, instance:com.autoFramework.myCompany.myProjectFramework.testScripts.registration.RegistrationTest@7fac631b]" name="afterMethod" is-config="true" duration-ms="1328" started-at="2018-08-03T22:33:22Z" finished-at="2018-08-03T22:33:23Z">
          <params>
            <param index="0">
              <value>
                <![CDATA[[TestResult name=testRegistration status=FAILURE method=RegistrationTest.testRegistration()[pri:0, instance:com.autoFramework.myCompany.myProjectFramework.testScripts.registration.RegistrationTest@7fac631b] output={null}]]]>
              </value>
            </param>
          </params>
          <reporter-output>
            <line>
              <![CDATA[captureScreen method called]]>
            </line>
            <line>
              <![CDATA[<a href='/Users/arnabbhuiya/eclipse-workspace/autoFramework/src/main/resources/screenShots/null_03_08_2018_10_33_22.png'><img src='/Users/arnabbhuiya/eclipse-workspace/autoFramework/src/main/resources/screenShots/null_03_08_2018_10_33_22.png'height='100' width='100'/></a>]]>
            </line>
          </reporter-output>
        </test-method> <!-- afterMethod -->
      </class> <!-- com.autoFramework.myCompany.myProjectFramework.testScripts.registration.RegistrationTest -->
    </test> <!-- RegistrationTest -->
    <test name="VerifyLowestFirstPriceFilterTest" duration-ms="103071" started-at="2018-08-03T17:03:23Z" finished-at="2018-08-03T17:05:06Z">
      <class name="com.autoFramework.myCompany.myProjectFramework.testScripts.productDetailsPage.VerifyLowestFirstPriceFilterTest">
        <test-method status="PASS" signature="beforeSuite()[pri:0, instance:com.autoFramework.myCompany.myProjectFramework.testScripts.productDetailsPage.VerifyLowestFirstPriceFilterTest@610694f1]" name="beforeSuite" is-config="true" duration-ms="141" started-at="2018-08-03T22:31:01Z" finished-at="2018-08-03T22:31:01Z">
          <reporter-output>
          </reporter-output>
        </test-method> <!-- beforeSuite -->
        <test-method status="PASS" signature="beforeTest()[pri:0, instance:com.autoFramework.myCompany.myProjectFramework.testScripts.productDetailsPage.VerifyLowestFirstPriceFilterTest@610694f1]" name="beforeTest" is-config="true" duration-ms="1708" started-at="2018-08-03T22:33:23Z" finished-at="2018-08-03T22:33:25Z">
          <reporter-output>
          </reporter-output>
        </test-method> <!-- beforeTest -->
        <test-method status="FAIL" signature="verifyLowestFirstPriceListInProduct_deatilsPage()[pri:0, instance:com.autoFramework.myCompany.myProjectFramework.testScripts.productDetailsPage.VerifyLowestFirstPriceFilterTest@610694f1]" name="verifyLowestFirstPriceListInProduct_deatilsPage" duration-ms="100010" started-at="2018-08-03T22:33:25Z" finished-at="2018-08-03T22:35:05Z">
          <exception class="org.openqa.selenium.TimeoutException">
            <message>
              <![CDATA[timeout  (Session info: chrome=68.0.3440.84)  (Driver info: chromedriver=2.38.552518 (183d19265345f54ce39cbb94cf81ba5f15905011),platform=Mac OS X 10.13.5 x86_64) (WARNING: The server did not provide any stacktrace information)Command duration or timeout: 0 millisecondsBuild info: version: '3.11.0', revision: 'e59cfb3', time: '2018-03-11T20:26:55.152Z'System info: host: 'Arnabs-MacBook-Pro.local', ip: 'fe80:0:0:0:c66:104c:14a6:bb71%en0', os.name: 'Mac OS X', os.arch: 'x86_64', os.version: '10.13.5', java.version: '1.8.0_171'Driver info: org.openqa.selenium.chrome.ChromeDriverCapabilities {acceptInsecureCerts: false, acceptSslCerts: false, applicationCacheEnabled: false, browserConnectionEnabled: false, browserName: chrome, chrome: {chromedriverVersion: 2.38.552518 (183d19265345f5..., userDataDir: /var/folders/01/ggln50vx651...}, cssSelectorsEnabled: true, databaseEnabled: false, handlesAlerts: true, hasTouchScreen: false, javascriptEnabled: true, locationContextEnabled: true, mobileEmulationEnabled: false, nativeEvents: true, networkConnectionEnabled: false, pageLoadStrategy: normal, platform: MAC, platformName: MAC, rotatable: false, setWindowRect: true, takesHeapSnapshot: true, takesScreenshot: true, unexpectedAlertBehaviour: , unhandledPromptBehavior: , version: 68.0.3440.84, webStorageEnabled: true}Session ID: f5fe7fea65e5b4436fd849108ce62d0e]]>
            </message>
            <full-stacktrace>
              <![CDATA[org.openqa.selenium.TimeoutException: timeout  (Session info: chrome=68.0.3440.84)  (Driver info: chromedriver=2.38.552518 (183d19265345f54ce39cbb94cf81ba5f15905011),platform=Mac OS X 10.13.5 x86_64) (WARNING: The server did not provide any stacktrace information)Command duration or timeout: 0 millisecondsBuild info: version: '3.11.0', revision: 'e59cfb3', time: '2018-03-11T20:26:55.152Z'System info: host: 'Arnabs-MacBook-Pro.local', ip: 'fe80:0:0:0:c66:104c:14a6:bb71%en0', os.name: 'Mac OS X', os.arch: 'x86_64', os.version: '10.13.5', java.version: '1.8.0_171'Driver info: org.openqa.selenium.chrome.ChromeDriverCapabilities {acceptInsecureCerts: false, acceptSslCerts: false, applicationCacheEnabled: false, browserConnectionEnabled: false, browserName: chrome, chrome: {chromedriverVersion: 2.38.552518 (183d19265345f5..., userDataDir: /var/folders/01/ggln50vx651...}, cssSelectorsEnabled: true, databaseEnabled: false, handlesAlerts: true, hasTouchScreen: false, javascriptEnabled: true, locationContextEnabled: true, mobileEmulationEnabled: false, nativeEvents: true, networkConnectionEnabled: false, pageLoadStrategy: normal, platform: MAC, platformName: MAC, rotatable: false, setWindowRect: true, takesHeapSnapshot: true, takesScreenshot: true, unexpectedAlertBehaviour: , unhandledPromptBehavior: , version: 68.0.3440.84, webStorageEnabled: true}Session ID: f5fe7fea65e5b4436fd849108ce62d0eat sun.reflect.NativeConstructorAccessorImpl.newInstance0(Native Method)at sun.reflect.NativeConstructorAccessorImpl.newInstance(NativeConstructorAccessorImpl.java:62)at sun.reflect.DelegatingConstructorAccessorImpl.newInstance(DelegatingConstructorAccessorImpl.java:45)at java.lang.reflect.Constructor.newInstance(Constructor.java:423)at org.openqa.selenium.remote.ErrorHandler.createThrowable(ErrorHandler.java:214)at org.openqa.selenium.remote.ErrorHandler.throwIfResponseFailed(ErrorHandler.java:166)at org.openqa.selenium.remote.http.JsonHttpResponseCodec.reconstructValue(JsonHttpResponseCodec.java:40)at org.openqa.selenium.remote.http.AbstractHttpResponseCodec.decode(AbstractHttpResponseCodec.java:80)at org.openqa.selenium.remote.http.AbstractHttpResponseCodec.decode(AbstractHttpResponseCodec.java:44)at org.openqa.selenium.remote.HttpCommandExecutor.execute(HttpCommandExecutor.java:158)at org.openqa.selenium.remote.service.DriverCommandExecutor.execute(DriverCommandExecutor.java:83)at org.openqa.selenium.remote.RemoteWebDriver.execute(RemoteWebDriver.java:545)at org.openqa.selenium.remote.RemoteWebDriver.get(RemoteWebDriver.java:273)at com.autoFramework.myCompany.myProjectFramework.testBase.TestBase.getApplicationUrl(TestBase.java:193)at com.autoFramework.myCompany.myProjectFramework.testScripts.productDetailsPage.VerifyLowestFirstPriceFilterTest.verifyLowestFirstPriceListInProduct_deatilsPage(VerifyLowestFirstPriceFilterTest.java:25)at sun.reflect.NativeMethodAccessorImpl.invoke0(Native Method)at sun.reflect.NativeMethodAccessorImpl.invoke(NativeMethodAccessorImpl.java:62)at sun.reflect.DelegatingMethodAccessorImpl.invoke(DelegatingMethodAccessorImpl.java:43)at java.lang.reflect.Method.invoke(Method.java:498)at org.testng.internal.MethodInvocationHelper.invokeMethod(MethodInvocationHelper.java:124)at org.testng.internal.Invoker.invokeMethod(Invoker.java:571)at org.testng.internal.Invoker.invokeTestMethod(Invoker.java:707)at org.testng.internal.Invoker.invokeTestMethods(Invoker.java:979)at org.testng.internal.TestMethodWorker.invokeTestMethods(TestMethodWorker.java:125)at org.testng.internal.TestMethodWorker.run(TestMethodWorker.java:109)at org.testng.TestRunner.privateRun(TestRunner.java:648)at org.testng.TestRunner.run(TestRunner.java:505)at org.testng.SuiteRunner.runTest(SuiteRunner.java:455)at org.testng.SuiteRunner.runSequentially(SuiteRunner.java:450)at org.testng.SuiteRunner.privateRun(SuiteRunner.java:415)at org.testng.SuiteRunner.run(SuiteRunner.java:364)at org.testng.SuiteRunnerWorker.runSuite(SuiteRunnerWorker.java:52)at org.testng.SuiteRunnerWorker.run(SuiteRunnerWorker.java:84)at org.testng.TestNG.runSuitesSequentially(TestNG.java:1187)at org.testng.TestNG.runSuitesLocally(TestNG.java:1116)at org.testng.TestNG.runSuites(TestNG.java:1028)at org.testng.TestNG.run(TestNG.java:996)at org.testng.remote.AbstractRemoteTestNG.run(AbstractRemoteTestNG.java:114)at org.testng.remote.RemoteTestNG.initAndRun(RemoteTestNG.java:251)at org.testng.remote.RemoteTestNG.main(RemoteTestNG.java:77)]]>
            </full-stacktrace>
          </exception> <!-- org.openqa.selenium.TimeoutException -->
          <reporter-output>
          </reporter-output>
        </test-method> <!-- verifyLowestFirstPriceListInProduct_deatilsPage -->
        <test-method status="PASS" signature="beforeMethod(java.lang.reflect.Method)[pri:0, instance:com.autoFramework.myCompany.myProjectFramework.testScripts.productDetailsPage.VerifyLowestFirstPriceFilterTest@610694f1]" name="beforeMethod" is-config="true" duration-ms="0" started-at="2018-08-03T22:33:25Z" finished-at="2018-08-03T22:33:25Z">
          <params>
            <param index="0">
              <value>
                <![CDATA[public void com.autoFramework.myCompany.myProjectFramework.testScripts.productDetailsPage.VerifyLowestFirstPriceFilterTest.verifyLowestFirstPriceListInProduct_deatilsPage() throws java.lang.InterruptedException]]>
              </value>
            </param>
          </params>
          <reporter-output>
          </reporter-output>
        </test-method> <!-- beforeMethod -->
        <test-method status="PASS" signature="afterMethod(org.testng.ITestResult)[pri:0, instance:com.autoFramework.myCompany.myProjectFramework.testScripts.productDetailsPage.VerifyLowestFirstPriceFilterTest@610694f1]" name="afterMethod" is-config="true" duration-ms="1349" started-at="2018-08-03T22:35:05Z" finished-at="2018-08-03T22:35:06Z">
          <params>
            <param index="0">
              <value>
                <![CDATA[[TestResult name=verifyLowestFirstPriceListInProduct_deatilsPage status=FAILURE method=VerifyLowestFirstPriceFilterTest.verifyLowestFirstPriceListInProduct_deatilsPage()[pri:0, instance:com.autoFramework.myCompany.myProjectFramework.testScripts.productDetailsPage.VerifyLowestFirstPriceFilterTest@610694f1] output={null}]]]>
              </value>
            </param>
          </params>
          <reporter-output>
            <line>
              <![CDATA[captureScreen method called]]>
            </line>
            <line>
              <![CDATA[<a href='/Users/arnabbhuiya/eclipse-workspace/autoFramework/src/main/resources/screenShots/null_03_08_2018_10_35_05.png'><img src='/Users/arnabbhuiya/eclipse-workspace/autoFramework/src/main/resources/screenShots/null_03_08_2018_10_35_05.png'height='100' width='100'/></a>]]>
            </line>
          </reporter-output>
        </test-method> <!-- afterMethod -->
      </class> <!-- com.autoFramework.myCompany.myProjectFramework.testScripts.productDetailsPage.VerifyLowestFirstPriceFilterTest -->
    </test> <!-- VerifyLowestFirstPriceFilterTest -->
  </suite> <!-- Suite -->
</testng-results>
